<?xml version="1.0" encoding="UTF-8"?>
<testsuites tests="7" failures="0" disabled="0" errors="0" time="0.521" timestamp="2022-05-05T19:47:18" name="AllTests">
  <testsuite name="soccer_exhaustive_invalid_argument" tests="1" failures="0" disabled="0" errors="0" time="0.173" timestamp="2022-05-05T19:47:18">
    <testcase name="invalid_argument" status="run" result="completed" time="0.173" timestamp="2022-05-05T19:47:18" classname="soccer_exhaustive_invalid_argument" />
  </testsuite>
  <testsuite name="soccer_exhaustive_trivial_instances" tests="1" failures="0" disabled="0" errors="0" time="0" timestamp="2022-05-05T19:47:18">
    <testcase name="trivial_instances" status="run" result="completed" time="0" timestamp="2022-05-05T19:47:18" classname="soccer_exhaustive_trivial_instances" />
  </testsuite>
  <testsuite name="soccer_exhaustive_general_instances" tests="1" failures="0" disabled="0" errors="0" time="0.221" timestamp="2022-05-05T19:47:18">
    <testcase name="general_instances" status="run" result="completed" time="0.221" timestamp="2022-05-05T19:47:18" classname="soccer_exhaustive_general_instances" />
  </testsuite>
  <testsuite name="soccer_dyn_prog_invalid_argument" tests="1" failures="0" disabled="0" errors="0" time="0.013" timestamp="2022-05-05T19:47:19">
    <testcase name="invalid_argument" status="run" result="completed" time="0.013" timestamp="2022-05-05T19:47:19" classname="soccer_dyn_prog_invalid_argument" />
  </testsuite>
  <testsuite name="soccer_dyn_prog_trivial_instances" tests="1" failures="0" disabled="0" errors="0" time="0" timestamp="2022-05-05T19:47:19">
    <testcase name="trivial_instances" status="run" result="completed" time="0" timestamp="2022-05-05T19:47:19" classname="soccer_dyn_prog_trivial_instances" />
  </testsuite>
  <testsuite name="soccer_dyn_prog_general_instances" tests="1" failures="0" disabled="0" errors="0" time="0" timestamp="2022-05-05T19:47:19">
    <testcase name="general_instances" status="run" result="completed" time="0" timestamp="2022-05-05T19:47:19" classname="soccer_dyn_prog_general_instances" />
  </testsuite>
  <testsuite name="soccer_dyn_prog_large_instances" tests="1" failures="0" disabled="0" errors="0" time="0.114" timestamp="2022-05-05T19:47:19">
    <testcase name="large_instances" status="run" result="completed" time="0.114" timestamp="2022-05-05T19:47:19" classname="soccer_dyn_prog_large_instances" />
  </testsuite>
</testsuites>
